This run (LASTN=1000050, NRANGE=1, MDIMENS=500, VERSION=0141) was started at Mon Aug 29 20:07:59 2005
Initial Gram point G(1000049)=600297.308
.... Call sumMZ at 9878.91012, MZ=0.30642313,0.30642313
.... Call sumMZ at 9878.91012, MZ=0.30642313,0.30642313
.... Call sumMZ at 9879.76378, MZ=-1.02576329,-1.02576329
.... Call sumMZ at 9879.76378, MZ=-1.02576329,-1.02576329
.... Call sumMZ at 9880.61742, MZ=5.75006227,5.75006227
.... Call sumMZ at 9880.61742, MZ=5.75006227,5.75006227
.... Call sumMZ at 9881.47106, MZ=-4.27034340,-4.27034340
.... Call sumMZ at 9881.47106, MZ=-4.27034340,-4.27034340
.... Call sumMZ at 9882.32468, MZ=0.90573788,0.90573788
.... Call sumMZ at 9882.32468, MZ=0.90573788,0.90573788
.... Call sumMZ at 9883.1783, MZ=-1.68792971,-1.68792971
.... Call sumMZ at 9883.1783, MZ=-1.68792971,-1.68792971
.... Call sumMZ at 9884.03191, MZ=2.40435251,2.40435251
.... Call sumMZ at 9884.03191, MZ=2.40435251,2.40435251
.... Call sumMZ at 9884.8855, MZ=-0.21590709,-0.21590709
.... Call sumMZ at 9884.8855, MZ=-0.21590709,-0.21590709
.... Call sumMZ at 9885.73909, MZ=0.17152730,0.17152730
.... Call sumMZ at 9885.73909, MZ=0.17152730,0.17152730
.... Call sumMZ at 9886.59266, MZ=-1.45241832,-1.45241832
.... Call sumMZ at 9886.59266, MZ=-1.45241832,-1.45241832
.... Call sumMZ at 9887.44623, MZ=0.26731043,0.26731043
.... Call sumMZ at 9887.44623, MZ=0.26731043,0.26731043
.... Call sumMZ at 9888.29979, MZ=-0.86702273,-0.86702273
.... Call sumMZ at 9888.29979, MZ=-0.86702273,-0.86702273
.... Call sumMZ at 9889.15333, MZ=1.21692340e1,1.21692340e1
.... Call sumMZ at 9889.15333, MZ=1.21692340e1,1.21692340e1
.... Call sumMZ at 9890.00687, MZ=1.00446597,1.00446597
.... Call sumMZ at 9890.00687, MZ=1.00446597,1.00446597
.... Call sumMZ at 9890.86039, MZ=2.20814653,2.20814653
.... Call sumMZ at 9890.86039, MZ=2.20814653,2.20814653
.... Call sumMZ at 9891.71391, MZ=-0.23530783,-0.23530783
.... Call sumMZ at 9891.71391, MZ=-0.23530783,-0.23530783
.... Call sumMZ at 9892.56742, MZ=1.37618736,1.37618736
.... Call sumMZ at 9892.56742, MZ=1.37618736,1.37618736
.... Call sumMZ at 9893.42091, MZ=-2.71558811,-2.71558811
.... Call sumMZ at 9893.42091, MZ=-2.71558811,-2.71558811
.... Call sumMZ at 9894.2744, MZ=1.44896877,1.44896877
.... Call sumMZ at 9894.2744, MZ=1.44896877,1.44896877
.... Call sumMZ at 9895.12787, MZ=-1.15049647,-1.15049647
.... Call sumMZ at 9895.12787, MZ=-1.15049647,-1.15049647
first line                               = 1.600297.856
@