This run (LASTN=377535715740, NRANGE=30, MDIMENS=129425, VERSION=0141) was started at Sat Jul 03 08:30:13 2004
Initial Gram point G(377535715739)=105233436577.615
.... Call sumMZ at 105233436577.748, MZ=-0.37873562621704e-2,-0.37873562621704e-2
Call search2b between 105233436579.483 and 105233436580.017.
Call search2c between 105233436579.483 and 105233436579.75.
Call search2d between 105233436579.483 and 105233436579.75.
Call searchND(2) between 105233436579.483 and 105233436579.483, h=1.19209289550781e-007.
Call search2c between 105233436579.75 and 105233436580.017.
Call search2d between 105233436579.75 and 105233436580.017.
Call the new rule for a Gram block of length 1.
 i=0, t=105233436579.216, z=-0.0146090976799708, #zeros=0
 i=1, t=105233436579.483, z=0.444219620825988, #zeros=1
Call search3a(4) between 105233436579.216 and 105233436579.483 to find 3 zeros.
Call search3a(8) between 105233436579.216 and 105233436579.483 to find 3 zeros.
Call search3a(16) between 105233436579.216 and 105233436579.483 to find 3 zeros.
Call search3a(32) between 105233436579.216 and 105233436579.483 to find 3 zeros.
Call search3a(64) between 105233436579.216 and 105233436579.483 to find 3 zeros.
Call search3a(128) between 105233436579.216 and 105233436579.483 to find 3 zeros.
Call search3a(256) between 105233436579.216 and 105233436579.483 to find 3 zeros.
We did not yield any zeros between 105233436579.483 and 105233436580.017 and the new rule has not found additional zeros in previous Gram block.
Therefore, the new rule will be activated for the next Gram block.
Number of sign changes should be 2, but we found only 0.
This happened between 377535715746 and 377535715748.
Call the new rule for a Gram block of length 2.
 i=0, t=105233436580.017, z=109.406855068403, #zeros=0
 i=1, t=105233436580.284, z=17.479386606002, #zeros=0
 i=2, t=105233436580.551, z=0.957795086130158, #zeros=2
Call search2c between 105233436580.017 and 105233436580.284.
Call search2d between 105233436580.017 and 105233436580.284.
Call searchN(4) between 105233436580.284 and 105233436580.551 to find 4 zeros.
Call searchN(8) between 105233436580.284 and 105233436580.551 to find 4 zeros.
Call searchN(16) between 105233436580.284 and 105233436580.551 to find 4 zeros.
Call searchN(32) between 105233436580.284 and 105233436580.551 to find 4 zeros.
Call searchN(64) between 105233436580.284 and 105233436580.551 to find 4 zeros.
Call searchN(128) between 105233436580.284 and 105233436580.551 to find 4 zeros.
Call searchN(256) between 105233436580.284 and 105233436580.551 to find 4 zeros.
Call the new rule for a Gram block of length 2.
 i=0, t=105233436578.682, z=-2.54296132416581, #zeros=0
 i=1, t=105233436578.949, z=-0.0166983217814539, #zeros=0
 i=2, t=105233436579.216, z=-0.0146090976799708, #zeros=2
Call search2c between 105233436578.682 and 105233436578.949.
Call search2d between 105233436578.682 and 105233436578.949.
Call searchND(2) between 105233436578.949 and 105233436578.949, h=3.57627868652344e-007.
Call searchN(4) between 105233436578.949 and 105233436579.216 to find 4 zeros.
Call searchN(8) between 105233436578.949 and 105233436579.216 to find 4 zeros.
.... Call sumMZ at 105233436579.049, MZ=0.58443735310495e-2,0.58443735310497e-2
.... Call sumMZ at 105233436579.183, MZ=0.10348955350236e-2,0.10348955350241e-2
Extreme S(t) between 105233436578.682 and 105233436579.216
We found the missing two sign changes between 105233436580.017 and 105233436580.551.
This happened between 377535715748 and 377535715750
.... Call sumMZ at 105233436585.088, MZ=0.17998413997157e-2,0.17998413997161e-2
NFIRST (was input for this run)          = 377535715740
LASTN (input for next run)               = 377535715773
the corresponding Gram point             = 105233436586.422
nzevalu (number of Z-evaluations)        = 1966
ndzevalu (number of DZ-evaluations)      = 4
ecorate                                  = 63.5483870967742
average time for one Z-evaluation        = 0.0138189216683622
average time for one DZ-evaluation       = 0.9015
total time used for all Z-evaluations    = 27.168
total time used for all DZ-evaluations   = 3.606
total time used in this run              = 30.904
average total time for one Z-evaluation  = 0.0156873096446701
last m (= summation range in Z(t))       = 129415.693064159
first line                               = 20.105233436577.815
last line                                = 20.105233436586.155
reduction                                = 1052334365
the starting Gram point                  = 377535715740
number of lines                          = 35
@