This run (LASTN=287448797070, NRANGE=20, MDIMENS=113593, VERSION=0138) was started at Mon Nov 17 21:49:00 2003
Initial Gram point G(287448797069)=81061304686.934
.... Call sumMZ at 81061304688.145, MZ=0.1174205032034e-3,0.1174205032034e-3
Convexity between 81061304688.014 and 81061304688.284 is detected.
 index=1, at=81061304688.014, az=0.79440943112378
 index=129, at=81061304688.081, az=0.16261657552012
 index=193, at=81061304688.115, az=0.031133161348904
 index=225, at=81061304688.132, az=0.0056704285848951
 index=241, at=81061304688.14, az=0.0018255424520559
 index=245, at=81061304688.143, az=0.0013426660871636
 index=249, at=81061304688.145, az=0.00011742050320343
 index=257, at=81061304688.149, az=0.0027366232633973
 index=385, at=81061304688.216, az=0.11992949856145
 index=513, at=81061304688.284, az=0.23538668034399
Call search2c between 81061304688.143 and 81061304688.149.
.... Call sumMZ at 81061304688.143, MZ=0.8590256979924e-5,0.8590256979980e-5
Call search2d between 81061304688.143 and 81061304688.149.
No zero was found.
Call search2b between 81061304687.744 and 81061304688.284.
Call search2c between 81061304688.014 and 81061304688.284.
Call search2d between 81061304688.014 and 81061304688.284.
Call search2c between 81061304687.744 and 81061304688.014.
Call search2d between 81061304687.744 and 81061304688.014.
Exit n=287448797074
This run (LASTN=287448797072, NRANGE=18, MDIMENS=113593, VERSION=0138) was started at Mon Nov 17 21:54:23 2003
Initial Gram point G(287448797071)=81061304687.474
.... Call sumMZ at 81061304688.145, MZ=0.1174205032034e-3,0.1174205032034e-3
Convexity between 81061304688.014 and 81061304688.284 is detected.
 index=1, at=81061304688.014, az=0.79440943112378
 index=129, at=81061304688.081, az=0.16261657552012
 index=193, at=81061304688.115, az=0.031133161348904
 index=225, at=81061304688.132, az=0.0056704285848951
 index=241, at=81061304688.14, az=0.0018255424520559
 index=245, at=81061304688.143, az=0.0013426660871636
 index=249, at=81061304688.145, az=0.00011742050320343
 index=257, at=81061304688.149, az=0.0027366232633973
 index=385, at=81061304688.216, az=0.11992949856145
 index=513, at=81061304688.284, az=0.23538668034399
.... Call sumMZ at 81061304688.143, MZ=0.1879497799144e-5,0.1879497799200e-5
.... Call sumMZ at 81061304688.149, MZ=0.1224301223628e-2,0.1224301223628e-2
Call search2c between 81061304688.143 and 81061304688.149.
.... Call sumMZ at 81061304688.143, MZ=0.8169881108550e-6,0.8169881109112e-6
.... Call sumMZ at 81061304688.143, MZ=0.6754590621637e-7,0.6754590627253e-7
Call search2d between 81061304688.143 and 81061304688.149.
No zero was found.
Call search2b between 81061304687.744 and 81061304688.284.
Call search2c between 81061304688.014 and 81061304688.284.
Call search2d between 81061304688.014 and 81061304688.284.
Call search2c between 81061304687.744 and 81061304688.014.
Call search2d between 81061304687.744 and 81061304688.014.
Exit n=287448797074
